\BOOKMARK [1][-]{section*.1}{Contact Information}{}% 1
\BOOKMARK [1][-]{section*.2}{Employment}{}% 2
\BOOKMARK [1][-]{section*.3}{Education}{}% 3
<<<<<<< HEAD
<<<<<<< HEAD
\BOOKMARK [1][-]{section*.4}{Experience \046 Skills}{}% 4
\BOOKMARK [1][-]{section*.5}{Academic Service}{}% 5
\BOOKMARK [1][-]{section*.6}{Published papers}{}% 6
\BOOKMARK [1][-]{section*.7}{Papers in preparation}{}% 7
\BOOKMARK [1][-]{section*.8}{Academic Honours and Awards}{}% 8
\BOOKMARK [1][-]{section*.9}{Teaching}{}% 9
\BOOKMARK [1][-]{section*.10}{Selected Presentations}{}% 10
\BOOKMARK [1][-]{section*.11}{Interests}{}% 11
=======
\BOOKMARK [1][-]{section*.4}{Papers}{}% 4
\BOOKMARK [1][-]{section*.5}{Papers in preparation}{}% 5
\BOOKMARK [1][-]{section*.6}{Academic Honours and Awards}{}% 6
\BOOKMARK [1][-]{section*.7}{Academic Service}{}% 7
\BOOKMARK [1][-]{section*.8}{Teaching}{}% 8
\BOOKMARK [1][-]{section*.9}{Selected Presentations}{}% 9
>>>>>>> origin/master
=======
\BOOKMARK [1][-]{section*.4}{Publications}{}% 4
\BOOKMARK [1][-]{section*.5}{Equity, Diversity \046 Inclusion Activities}{}% 5
\BOOKMARK [1][-]{section*.6}{Academic Honours and Awards}{}% 6
\BOOKMARK [1][-]{section*.7}{Service \046 Outreach}{}% 7
\BOOKMARK [1][-]{section*.8}{Teaching Experience}{}% 8
\BOOKMARK [1][-]{section*.9}{Student Supervision}{}% 9
\BOOKMARK [1][-]{section*.10}{Invited Presentations}{}% 10
\BOOKMARK [1][-]{section*.11}{Contributed Presentations}{}% 11
>>>>>>> origin/master
